<?xml version="1.0" encoding="UTF-8"?>
<!-- Generated by org.testng.reporters.JUnitReportReporter -->
<testsuite skipped="0" hostname="ip-172-31-25-135" name="com.bdd.runners.LoginModuleRunner" tests="1" failures="0" timestamp="2023-01-08T15:21:00 UTC" time="21.210" errors="0">
  <testcase name="runScenario" time="21.210" classname="com.bdd.runners.LoginModuleRunner"/>
  <system-out/>
</testsuite> <!-- com.bdd.runners.LoginModuleRunner -->
